2022-04-29T02:03:42.640Z - normal: Load ~/.CocosCreator/settings.json
2022-04-29T02:03:42.688Z - normal: Initializing Asset Database
2022-04-29T02:03:42.690Z - normal: checking language setting...
2022-04-29T02:03:42.691Z - normal: Language: en
2022-04-29T02:03:43.359Z - success: preview server running at http://localhost:7456
2022-04-29T02:03:43.366Z - success: protocol editor-framework registered
2022-04-29T02:03:43.367Z - success: protocol app registered
2022-04-29T02:03:43.367Z - success: protocol theme registered
2022-04-29T02:03:43.367Z - success: protocol packages registered
2022-04-29T02:03:43.367Z - success: protocol uuid registerred
2022-04-29T02:03:43.367Z - success: protocol db registerred
2022-04-29T02:03:43.367Z - success: protocol thumbnail registerred
2022-04-29T02:03:43.367Z - success: protocol unpack registerred
2022-04-29T02:03:43.367Z - success: protocol disable-commonjs registerred
2022-04-29T02:03:44.568Z - normal: connected!
2022-04-29T02:03:44.569Z - normal: Check project /Users/fresher-duclong/BT_rabbit
2022-04-29T02:03:44.571Z - normal: Initializing project /Users/fresher-duclong/BT_rabbit
2022-04-29T02:03:44.918Z - normal: Initializing Cocos2d
2022-04-29T02:03:45.532Z - normal: Initializing engine extends
2022-04-29T02:03:45.559Z - success: alipay-adapter loaded
2022-04-29T02:03:45.566Z - success: asset-db-debugger loaded
2022-04-29T02:03:45.569Z - success: baidu-adapter loaded
2022-04-29T02:03:45.573Z - success: color-picker loaded
2022-04-29T02:03:45.714Z - success: fb-audience-network loaded
2022-04-29T02:03:45.766Z - success: fb-live-stream loaded
2022-04-29T02:03:45.768Z - success: google-play-instant loaded
2022-04-29T02:03:45.773Z - success: huawei-runtime loaded
2022-04-29T02:03:45.984Z - success: cpk-publish loaded
2022-04-29T02:03:45.985Z - success: jsb-adapter loaded
2022-04-29T02:03:45.991Z - success: oppo-runtime loaded
2022-04-29T02:03:45.996Z - success: package-manager loaded
2022-04-29T02:03:46.126Z - success: qqplay-adapter loaded
2022-04-29T02:03:46.129Z - success: runtime-dev-tools loaded
2022-04-29T02:03:46.152Z - success: sdkbox loaded
2022-04-29T02:03:46.157Z - success: tester loaded
2022-04-29T02:03:46.161Z - success: ui-kit-preview-extra loaded
2022-04-29T02:03:46.163Z - success: ui-kit-preview loaded
2022-04-29T02:03:46.166Z - success: ui-kit loaded
2022-04-29T02:03:46.171Z - success: vivo-runtime loaded
2022-04-29T02:03:46.172Z - success: weapp-adapter loaded
2022-04-29T02:03:46.173Z - success: xiaomi-adapter loaded
2022-04-29T02:03:46.176Z - success: alipay-minigame loaded
2022-04-29T02:03:46.210Z - success: assets loaded
2022-04-29T02:03:46.212Z - success: builder loaded
2022-04-29T02:03:46.466Z - success: cocos-services loaded
2022-04-29T02:03:46.471Z - success: console loaded
2022-04-29T02:03:46.496Z - success: fb-instant-games loaded
2022-04-29T02:03:46.500Z - success: game-window loaded
2022-04-29T02:03:46.501Z - success: google-instant-games loaded
2022-04-29T02:03:46.509Z - success: hierarchy loaded
2022-04-29T02:03:46.516Z - success: inspector loaded
2022-04-29T02:03:46.517Z - success: keystore loaded
2022-04-29T02:03:46.521Z - success: node-library loaded
2022-04-29T02:03:46.523Z - success: package-asset loaded
2022-04-29T02:03:46.524Z - success: preferences loaded
2022-04-29T02:03:46.527Z - success: project-exporter loaded
2022-04-29T02:03:46.531Z - success: project-importer loaded
2022-04-29T02:03:46.533Z - success: project-settings loaded
2022-04-29T02:03:46.538Z - success: scene loaded
2022-04-29T02:03:46.540Z - success: simulator-debugger loaded
2022-04-29T02:03:46.541Z - success: sprite-editor loaded
2022-04-29T02:03:46.544Z - success: store loaded
2022-04-29T02:03:46.549Z - success: timeline loaded
2022-04-29T02:03:46.552Z - success: xiaomi-runtime loaded
2022-04-29T02:03:47.284Z - normal: Loading packages
2022-04-29T02:03:47.287Z - normal: Watching packages
2022-04-29T02:03:47.354Z - normal: Run Application
2022-04-29T02:03:48.271Z - info: Cocos Services load base data!
2022-04-29T08:18:08.683Z - failed: load script [/Users/fresher-duclong/BT_rabbit/temp/quick-scripts/assets/Script/ScaleGoBack.js] failed : TypeError: Cannot read property 'node' of undefined
    at __define (/Users/fresher-duclong/BT_rabbit/temp/quick-scripts/assets/Script/ScaleGoBack.js:22:23)
    at /Users/fresher-duclong/BT_rabbit/temp/quick-scripts/assets/Script/ScaleGoBack.js:65:13
    at Object.<anonymous> (/Users/fresher-duclong/BT_rabbit/temp/quick-scripts/assets/Script/ScaleGoBack.js:72:11)
    at Object.<anonymous> (/Users/fresher-duclong/BT_rabbit/temp/quick-scripts/assets/Script/ScaleGoBack.js:75:3)
    at Module._compile (module.js:571:32)
    at Object.Module._extensions..js (module.js:580:10)
    at Module.load (module.js:488:32)
    at tryModuleLoad (module.js:447:12)
    at Function.Module._load (module.js:439:3)
    at Module.require (module.js:498:17)
2022-04-29T09:50:08.942Z - warn: The Asset used by component "cc.Animation" is missing. Detailed information:
Node path: "New Sprite"
Missing uuid: "ad2f0db5-4bb6-491d-bc55-ecefe711aab3"

2022-04-29T09:50:30.605Z - normal: Start building with options : {
  "actualPlatform": "web-mobile",
  "android-instant": {
    "REMOTE_SERVER_ROOT": "",
    "host": "",
    "pathPattern": "",
    "recordPath": "",
    "scheme": "https",
    "skipRecord": false
  },
  "apiLevel": "",
  "appABIs": [],
  "appBundle": false,
  "baidugame": {
    "REMOTE_SERVER_ROOT": "",
    "appid": "testappid",
    "orientation": "portrait",
    "subContext": ""
  },
  "buildPath": "/Users/fresher-duclong/BT_rabbit/build",
  "debug": true,
  "dest": "/Users/fresher-duclong/BT_rabbit/build/web-mobile",
  "embedWebDebugger": false,
  "encryptJs": true,
  "excludeScenes": [],
  "excludedModules": [],
  "fb-instant-games": {},
  "includeSDKBox": false,
  "inlineSpriteFrames": true,
  "inlineSpriteFrames_native": true,
  "md5Cache": false,
  "mergeStartScene": false,
  "optimizeHotUpdate": false,
  "orientation": {
    "landscapeLeft": true,
    "landscapeRight": true,
    "portrait": false,
    "upsideDown": false
  },
  "packageName": "org.cocos2d.helloworld",
  "platform": "web-mobile",
  "previewHeight": "720",
  "previewWidth": "1280",
  "qqplay": {
    "REMOTE_SERVER_ROOT": "",
    "orientation": "portrait",
    "zip": false
  },
  "scenes": [
    "2d2f792f-a40c-49bb-a189-ed176a246e49"
  ],
  "sourceMaps": false,
  "startScene": "2d2f792f-a40c-49bb-a189-ed176a246e49",
  "template": "link",
  "title": "hello_rabbit",
  "useDebugKeystore": true,
  "vsVersion": "auto",
  "webOrientation": "auto",
  "wechatgame": {
    "REMOTE_SERVER_ROOT": "",
    "appid": "wx6ac3f5090a6b99c5",
    "orientation": "portrait",
    "separate_engine": false,
    "subContext": ""
  },
  "xxteaKey": "775984f9-cb24-46",
  "zipCompressJs": true,
  "project": "/Users/fresher-duclong/BT_rabbit",
  "projectName": "hello_rabbit",
  "debugBuildWorker": false
}
2022-04-29T09:50:30.608Z - normal: Building /Users/fresher-duclong/BT_rabbit
2022-04-29T09:50:30.608Z - normal: Destination /Users/fresher-duclong/BT_rabbit/build/web-mobile
2022-04-29T09:50:30.722Z - normal: Delete /Users/fresher-duclong/BT_rabbit/build/web-mobile/subpackages/**/*,/Users/fresher-duclong/BT_rabbit/build/web-mobile/**/*
2022-04-29T09:51:11.923Z - normal: Start building assets
2022-04-29T09:51:11.924Z - normal: Start spawn build-worker
2022-04-29T09:51:12.395Z - normal: Finish spawn build-worker
2022-04-29T09:51:12.395Z - normal: Start init build-worker
2022-04-29T09:51:14.434Z - normal: Finish init build-worker
2022-04-29T09:51:14.434Z - normal: Start build-assets in worker
2022-04-29T09:51:14.641Z - normal: Finish build-assets in worker
2022-04-29T09:51:14.643Z - normal: Finish building assets
2022-04-29T09:51:14.657Z - normal: Start building plugin scripts
2022-04-29T09:51:14.753Z - normal: Generating main.js from /Applications/CocosCreator.app/Contents/Resources/static/build-templates/shares/main.js
2022-04-29T09:51:14.761Z - normal: Generating html from /Applications/CocosCreator.app/Contents/Resources/static/build-templates/web-mobile/template-dev/index.html
2022-04-29T09:51:14.773Z - normal: Built to "/Users/fresher-duclong/BT_rabbit/build/web-mobile" successfully
2022-04-29T10:50:40.627Z - error: scene not saved. Please build project after saveing project.
    at Editor.Ipc.sendToPanel (/Applications/CocosCreator.app/Contents/Resources/app.asar/editor/builtin/builder/panel/builder.js:1:7875)
    at EventEmitter.o.on.n (/Applications/CocosCreator.app/Contents/Resources/app.asar/editor-framework/lib/renderer/ipc.js:1:3757)
    at emitMany (events.js:127:13)
    at EventEmitter.emit (events.js:204:7)
2022-04-29T10:50:54.356Z - normal: Start building with options : {
  "actualPlatform": "web-mobile",
  "android-instant": {
    "REMOTE_SERVER_ROOT": "",
    "host": "",
    "pathPattern": "",
    "recordPath": "",
    "scheme": "https",
    "skipRecord": false
  },
  "apiLevel": "",
  "appABIs": [],
  "appBundle": false,
  "baidugame": {
    "REMOTE_SERVER_ROOT": "",
    "appid": "testappid",
    "orientation": "portrait",
    "subContext": ""
  },
  "buildPath": "/Users/fresher-duclong/BT_rabbit/build",
  "debug": true,
  "dest": "/Users/fresher-duclong/BT_rabbit/build/web-mobile",
  "embedWebDebugger": false,
  "encryptJs": true,
  "excludeScenes": [],
  "excludedModules": [],
  "fb-instant-games": {},
  "includeSDKBox": false,
  "inlineSpriteFrames": true,
  "inlineSpriteFrames_native": true,
  "md5Cache": false,
  "mergeStartScene": false,
  "optimizeHotUpdate": false,
  "orientation": {
    "landscapeLeft": true,
    "landscapeRight": true,
    "portrait": false,
    "upsideDown": false
  },
  "packageName": "org.cocos2d.helloworld",
  "platform": "web-mobile",
  "previewHeight": "720",
  "previewWidth": "1280",
  "qqplay": {
    "REMOTE_SERVER_ROOT": "",
    "orientation": "portrait",
    "zip": false
  },
  "scenes": [
    "2d2f792f-a40c-49bb-a189-ed176a246e49"
  ],
  "sourceMaps": false,
  "startScene": "2d2f792f-a40c-49bb-a189-ed176a246e49",
  "template": "link",
  "title": "hello_rabbit",
  "useDebugKeystore": true,
  "vsVersion": "auto",
  "webOrientation": "auto",
  "wechatgame": {
    "REMOTE_SERVER_ROOT": "",
    "appid": "wx6ac3f5090a6b99c5",
    "orientation": "portrait",
    "separate_engine": false,
    "subContext": ""
  },
  "xxteaKey": "775984f9-cb24-46",
  "zipCompressJs": true,
  "project": "/Users/fresher-duclong/BT_rabbit",
  "projectName": "hello_rabbit",
  "debugBuildWorker": false
}
2022-04-29T10:50:54.359Z - normal: Building /Users/fresher-duclong/BT_rabbit
2022-04-29T10:50:54.359Z - normal: Destination /Users/fresher-duclong/BT_rabbit/build/web-mobile
2022-04-29T10:50:54.361Z - normal: Delete /Users/fresher-duclong/BT_rabbit/build/web-mobile/subpackages/**/*,/Users/fresher-duclong/BT_rabbit/build/web-mobile/**/*
2022-04-29T10:50:55.792Z - normal: Start building assets
2022-04-29T10:50:55.793Z - normal: Start spawn build-worker
2022-04-29T10:50:56.317Z - normal: Finish spawn build-worker
2022-04-29T10:50:56.317Z - normal: Start init build-worker
2022-04-29T10:50:58.593Z - normal: Finish init build-worker
2022-04-29T10:50:58.593Z - normal: Start build-assets in worker
2022-04-29T10:50:58.762Z - normal: Finish build-assets in worker
2022-04-29T10:50:58.764Z - normal: Finish building assets
2022-04-29T10:50:58.769Z - normal: Start building plugin scripts
2022-04-29T10:50:58.787Z - normal: Generating main.js from /Applications/CocosCreator.app/Contents/Resources/static/build-templates/shares/main.js
2022-04-29T10:50:58.791Z - normal: Generating html from /Applications/CocosCreator.app/Contents/Resources/static/build-templates/web-mobile/template-dev/index.html
2022-04-29T10:50:58.800Z - normal: Built to "/Users/fresher-duclong/BT_rabbit/build/web-mobile" successfully
